<?xml version="1.0" encoding="UTF-8"?>
<testsuite name="TestSuite" time="0.004" tests="4" errors="0" skipped="0" failures="0">
  <properties>
    <property name="idea.version" value="2024.2.0.2"/>
    <property name="java.runtime.name" value="Java(TM) SE Runtime Environment"/>
    <property name="java.vm.version" value="22.0.2+9-70"/>
    <property name="sun.boot.library.path" value="D:\Program Files\Java\jdk-22\bin"/>
    <property name="maven.multiModuleProjectDirectory" value="D:\IDEAProjects\cmccMock"/>
    <property name="java.vm.vendor" value="Oracle Corporation"/>
    <property name="java.vendor.url" value="https://java.oracle.com/"/>
    <property name="guice.disable.misplaced.annotation.check" value="true"/>
    <property name="path.separator" value=";"/>
    <property name="java.vm.name" value="Java HotSpot(TM) 64-Bit Server VM"/>
    <property name="sun.os.patch.level" value=""/>
    <property name="user.script" value=""/>
    <property name="user.country" value="CN"/>
    <property name="sun.java.launcher" value="SUN_STANDARD"/>
    <property name="java.vm.specification.name" value="Java Virtual Machine Specification"/>
    <property name="user.dir" value="D:\IDEAProjects\cmccMock"/>
    <property name="java.vm.compressedOopsMode" value="32-bit"/>
    <property name="java.runtime.version" value="22.0.2+9-70"/>
    <property name="os.arch" value="amd64"/>
    <property name="java.io.tmpdir" value="C:\Users\86134\AppData\Local\Temp\"/>
    <property name="line.separator" value="&#10;"/>
    <property name="java.vm.specification.vendor" value="Oracle Corporation"/>
    <property name="user.variant" value=""/>
    <property name="stderr.encoding" value="UTF-8"/>
    <property name="os.name" value="Windows 11"/>
    <property name="maven.ext.class.path" value="D:\Program Files\JetBrains\IntelliJ IDEA 2024.2.0.2\plugins\maven\lib\maven-event-listener.jar"/>
    <property name="classworlds.conf" value="D:\apache-maven-4.0.0-beta-3\bin\m2.conf"/>
    <property name="sun.jnu.encoding" value="GBK"/>
    <property name="stdout.encoding" value="UTF-8"/>
    <property name="java.library.path" value="D:\Program Files\Java\jdk-22\bin;C:\WINDOWS\Sun\Java\bin;C:\WINDOWS\system32;C:\WINDOWS;C:\Program Files\Common Files\Oracle\Java\javapath;C:\WINDOWS\system32;C:\WINDOWS;C:\WINDOWS\System32\Wbem;C:\WINDOWS\System32\WindowsPowerShell\v1.0\;C:\WINDOWS\System32\OpenSSH\;C:\Program Files (x86)\EasyShare\x86\;C:\Program Files (x86)\EasyShare\x64\;C:\Program Files\Git\cmd;D:\apache-maven-4.0.0-beta-3\bin;D:\Program Files\allure-2.26.0\bin;C:\Users\86134\AppData\Local\Programs\Python\Python312\Scripts\;C:\Users\86134\AppData\Local\Programs\Python\Python312\;C:\Users\86134\AppData\Local\Programs\Python\Launcher\;C:\texlive\2021\bin\win32;C:\Users\86134\AppData\Local\Microsoft\WindowsApps;C:\Program Files\JetBrains\PyCharm Community Edition 2020.3.1\bin;;D:\Program Files\JetBrains\IntelliJ IDEA Community Edition 2020.3\bin;;C:\Program Files\JetBrains\PyCharm 2022.2\bin;;D:\#Workspace\01Python\homework\venv\Scripts\python.exe;."/>
    <property name="jansi.passthrough" value="true"/>
    <property name="maven.conf" value="D:\apache-maven-4.0.0-beta-3/conf"/>
    <property name="jdk.debug" value="release"/>
    <property name="java.class.version" value="66.0"/>
    <property name="java.specification.name" value="Java Platform API Specification"/>
    <property name="sun.management.compiler" value="HotSpot 64-Bit Tiered Compilers"/>
    <property name="maven.repo.local" value="D:\apache-maven-4.0.0-beta-3\maven_dep\repository"/>
    <property name="os.version" value="10.0"/>
    <property name="user.home" value="C:\Users\86134"/>
    <property name="user.timezone" value="Asia/Shanghai"/>
    <property name="file.encoding" value="UTF-8"/>
    <property name="java.specification.version" value="22"/>
    <property name="user.name" value="86134"/>
    <property name="java.class.path" value="D:\apache-maven-4.0.0-beta-3\boot\plexus-classworlds-2.8.0.jar;D:\apache-maven-4.0.0-beta-3\boot\plexus-classworlds.license"/>
    <property name="java.vm.specification.version" value="22"/>
    <property name="sun.arch.data.model" value="64"/>
    <property name="sun.java.command" value="org.codehaus.classworlds.Launcher -Didea.version=2024.2.0.2 -s D:\apache-maven-4.0.0-beta-3\conf\settings.xml -Dmaven.repo.local=D:\apache-maven-4.0.0-beta-3\maven_dep\repository install"/>
    <property name="java.home" value="D:\Program Files\Java\jdk-22"/>
    <property name="user.language" value="zh"/>
    <property name="java.specification.vendor" value="Oracle Corporation"/>
    <property name="java.vm.info" value="mixed mode, sharing"/>
    <property name="java.version" value="22.0.2"/>
    <property name="native.encoding" value="GBK"/>
    <property name="java.vendor" value="Oracle Corporation"/>
    <property name="sun.stderr.encoding" value="UTF-8"/>
    <property name="maven.home" value="D:\apache-maven-4.0.0-beta-3"/>
    <property name="file.separator" value="\"/>
    <property name="java.version.date" value="2024-07-16"/>
    <property name="java.vendor.url.bug" value="https://bugreport.java.com/bugreport/"/>
    <property name="sun.io.unicode.encoding" value="UnicodeLittle"/>
    <property name="sun.cpu.endian" value="little"/>
    <property name="sun.stdout.encoding" value="UTF-8"/>
    <property name="sun.cpu.isalist" value="amd64"/>
  </properties>
  <testcase name="testBocMoked on testBocMoked(com.example.demo.BocGenerateVerificationCodeTest)" classname="com.example.demo.BocGenerateVerificationCodeTest" time="0.004"/>
  <testcase name="testJfInter on testJfInter(com.example.demo.CmccMockApplicationTest)" classname="com.example.demo.CmccMockApplicationTest" time="0"/>
  <testcase name="testMain on testMain(com.example.demo.CmccMockApplicationTest)" classname="com.example.demo.CmccMockApplicationTest" time="0"/>
  <testcase name="testJf0001 on testJf0001(com.example.demo.CmccMockApplicationTest)" classname="com.example.demo.CmccMockApplicationTest" time="0"/>
</testsuite>