<?xml version="1.0" encoding="UTF-8"?>
<!-- Generated by org.testng.reporters.JUnitReportReporter -->
<testsuite hostname="Sun0922" failures="0" tests="1" name="com.example.demo.BocGenerateVerificationCodeTest" time="0.035" errors="0" timestamp="29 8æœˆ 2024 13:59:23 GMT" skipped="0">
  <testcase classname="com.example.demo.BocGenerateVerificationCodeTest" name="testBocMoked" time="0.035"/>
</testsuite> <!-- com.example.demo.BocGenerateVerificationCodeTest -->
